========================================
🎁 ProReNata 自動収益化開始: 2025年 10月 9日 木曜日 23時42分29秒 JST
========================================

📦 実用的なアイテムリストを追加中...
----------------------------------------
[dotenv@17.2.2] injecting env (10) from .env.local -- tip: 📡 observe env with Radar: https://dotenvx.com/radar
============================================================
🎁 実用的なアイテムリスト自動追加ツール
============================================================

📚 総記事数: 156件

✅ 追加: 看護助手とは？病院での具体的な役割を徹底解説
   カテゴリ: 看護助手-仕事内容
   商品数: 3個

✅ 追加: 看護助手の仕事内容を新人でもわかりやすく解説
   カテゴリ: 看護助手-仕事内容
   商品数: 3個

⏭️  スキップ: 未経験から看護助手になるためのステップ（既にアイテムセクション存在）
✅ 追加: 看護助手は資格なしでどんな仕事ができる？
   カテゴリ: 看護助手-なるには
   商品数: 3個

✅ 追加: 未経験から病院に採用されやすい看護助手志望動機例
   カテゴリ: 看護助手-なるには
   商品数: 3個

⏭️  スキップ: 資格があると有利？看護助手に必要なスキルとは（既にアイテムセクション存在）
✅ 追加: 看護助手として働きながら資格を取る方法
   カテゴリ: 看護助手-なるには
   商品数: 3個

✅ 追加: 未経験でも通る看護助手の志望動機例文
   カテゴリ: 看護助手-なるには
   商品数: 3個

✅ 追加: 看護助手と看護師の役割の境界線
   カテゴリ: 看護助手-仕事内容
   商品数: 3個

✅ 追加: 外科病棟の看護助手の1日の流れ
   カテゴリ: 看護助手-1日
   商品数: 3個

✅ 追加: 看護助手は介護職とどう違う？仕事内容を比較
   カテゴリ: 看護助手-仕事内容
   商品数: 3個

⏭️  スキップ: 看護助手に役立つ資格5選（既にアイテムセクション存在）
✅ 追加: 未経験OKの看護助手求人を選ぶコツ
   カテゴリ: 看護助手-なるには
   商品数: 3個

✅ 追加: 夜勤中に看護助手が担当する仕事内容
   カテゴリ: 看護助手-仕事内容
   商品数: 3個

✅ 追加: 看護助手の1日スケジュールを徹底紹介
   カテゴリ: 看護助手-1日
   商品数: 3個

✅ 追加: 内科病棟の看護助手の仕事内容と一日
   カテゴリ: 看護助手-仕事内容
   商品数: 3個

✅ 追加: 【完全ガイド】看護助手とは？仕事内容から必要なスキルまで徹底解説
   カテゴリ: 看護助手-仕事内容
   商品数: 3個

⚠️  スキップ: 看護助手の1日の流れ｜病院勤務のリアルなスケジュールを公開（まとめセクションなし）
✅ 追加: 看護助手から看護師になるには？最短ルートと体験談を紹介
   カテゴリ: 看護助手-なるには
   商品数: 3個

✅ 追加: 看護助手の役割と責任｜医療チームにおける位置づけ
   カテゴリ: 看護助手-仕事内容
   商品数: 3個

✅ 追加: 手術室での看護助手業務｜特殊な環境での役割と注意点
   カテゴリ: 看護助手-仕事内容
   商品数: 3個

⏭️  スキップ: 看護助手に有利な資格取得完全ガイド｜優先順位と取得戦略（既にアイテムセクション存在）
✅ 追加: 看護助手の仕事内容を一日スケジュールで紹介
   カテゴリ: 看護助手-仕事内容
   商品数: 3個

✅ 追加: 看護助手の夜勤はきつい？一晩の流れを紹介
   カテゴリ: 看護助手-大変
   商品数: 2個

✅ 追加: 看護助手のシフト勤務はどのくらい大変？
   カテゴリ: 看護助手-大変
   商品数: 2個

✅ 追加: 看護助手はどこまでできる？看護師との役割分担
   カテゴリ: 看護助手-仕事内容
   商品数: 3個

✅ 追加: 看護助手のキャリアアップにおすすめ資格5選
   カテゴリ: 看護助手-なるには
   商品数: 3個

✅ 追加: 夜勤看護助手の24時間スケジュール
   カテゴリ: 看護助手-1日
   商品数: 3個

✅ 追加: 看護助手の1日を新人目線で語るブログ記事
   カテゴリ: 看護助手-1日
   商品数: 3個

✅ 追加: 外来と病棟で異なる看護助手の仕事内容
   カテゴリ: 看護助手-仕事内容
   商品数: 3個

✅ 追加: 看護助手に資格は必要？未経験でも働ける？
   カテゴリ: 看護助手-なるには
   商品数: 3個

✅ 追加: 看護助手の夜勤はきつい？一晩の流れを紹介
   カテゴリ: 看護助手-大変
   商品数: 2個

✅ 追加: 看護助手はどこまでできる？看護師との役割分担
   カテゴリ: 看護助手-仕事内容
   商品数: 3個

⚠️  スキップ: 看護助手のキャリアアップにおすすめ資格5選（まとめセクションなし）
✅ 追加: 看護助手の1日を新人目線で語るブログ記事
   カテゴリ: 看護助手-1日
   商品数: 3個

⚠️  スキップ: 外来と病棟で異なる看護助手の仕事内容（まとめセクションなし）
✅ 追加: 看護助手の資格勉強は独学でも大丈夫？
   カテゴリ: 看護助手-なるには
   商品数: 3個


============================================================
📊 実行結果
============================================================
✅ アイテム追加: 30件
⏭️  スキップ: 7件
➖ カテゴリ該当なし: 119件

✨ 完了！
アイテム追加終了コード: 0

💼 転職サービス推奨セクションを追加中...
----------------------------------------
[dotenv@17.2.2] injecting env (10) from .env.local -- tip: 🔐 encrypt with Dotenvx: https://dotenvx.com
============================================================
💼 転職サービス推奨セクション自動追加ツール
============================================================

📚 総記事数: 156件

✅ 追加: 正社員・パートで違う看護助手の給料事情

✅ 追加: 看護助手の給料と生活費、実際やっていける？

⏭️  スキップ: 看護助手を辞めたい理由ランキングTOP5（既に転職セクション存在）
✅ 追加: 看護助手と看護師の給料差はいくら？

⏭️  スキップ: 看護助手から看護師へ転職したら年収はどれくらい増える？（既に転職セクション存在）
⏭️  スキップ: 看護助手の給料明細を公開！リアルな収入例（既に転職セクション存在）
⏭️  スキップ: 看護助手の経験を転職市場でどう活かす？（既に転職セクション存在）
⏭️  スキップ: 看護助手の転職成功マニュアル｜求人の選び方から面接対策まで（既に転職セクション存在）
⏭️  スキップ: 看護助手転職成功の5ステップ｜失敗しない転職戦略（既に転職セクション存在）
⏭️  スキップ: 【2025年最新】看護助手の給料相場｜職場別・地域別に徹底比較（既に転職セクション存在）
✅ 追加: 看護助手を辞めたいとき上手な退職理由の伝え方

⏭️  スキップ: 看護助手の転職エージェント活用方法（既に転職セクション存在）
✅ 追加: 看護助手の夜勤はきつい？一晩の流れを紹介

✅ 追加: 看護助手のシフト勤務はどのくらい大変？

⏭️  スキップ: 看護助手の平均給料はいくら？最新データまとめ（既に転職セクション存在）
⏭️  スキップ: 看護助手から介護職へ転職する人が多い理由（既に転職セクション存在）
✅ 追加: 看護助手を辞めたいとき上手な退職理由の伝え方

⏭️  スキップ: 看護助手の転職エージェント活用方法（既に転職セクション存在）
✅ 追加: 看護助手の夜勤はきつい？一晩の流れを紹介

✅ 追加: 看護助手が抱える人間関係の悩みとは

⏭️  スキップ: 看護助手から一般企業に転職できる？（既に転職セクション存在）
⏭️  スキップ: 看護助手の給料が低い理由を徹底解説（既に転職セクション存在）

============================================================
📊 実行結果
============================================================
✅ 転職セクション追加: 9件
⏭️  スキップ: 13件
➖ 対象外記事: 134件

✨ 完了！
転職セクション追加終了コード: 0

========================================
🎁 自動収益化完了: 2025年 10月 9日 木曜日 23時43分16秒 JST
========================================

📊 実行結果:
  アイテムリスト追加: ✅ 成功
  転職サービス追加: ✅ 成功

